{
  "stats": {
    "suites": 2,
    "tests": 8,
    "passes": 8,
    "pending": 0,
    "failures": 0,
    "start": "2024-08-06T06:47:13.527Z",
    "end": "2024-08-06T06:47:36.864Z",
    "duration": 23337,
    "testsRegistered": 8,
    "passPercent": 100,
    "pendingPercent": 0,
    "other": 0,
    "hasOther": false,
    "skipped": 0,
    "hasSkipped": false
  },
  "results": [
    {
      "uuid": "e9345208-992c-4927-b3d9-3dddfd6b6375",
      "title": "",
      "fullFile": "cypress\\e2e\\SecondInterview.cy.js",
      "file": "cypress\\e2e\\SecondInterview.cy.js",
      "beforeHooks": [],
      "afterHooks": [],
      "tests": [],
      "suites": [
        {
          "uuid": "638ea5d3-6cf1-4a29-974f-ad73863e740f",
          "title": "Login",
          "fullFile": "",
          "file": "",
          "beforeHooks": [],
          "afterHooks": [],
          "tests": [
            {
              "title": "NormalLogin",
              "fullTitle": "Login NormalLogin",
              "timedOut": null,
              "duration": 4431,
              "state": "passed",
              "speed": "fast",
              "pass": true,
              "fail": false,
              "pending": false,
              "context": null,
              "code": "_Loginstep.default.LoginPage();\n_Loginstep.default.NormalInputUsernameLogin();\n_Loginstep.default.NormalInputPasswordLogin();\n_Loginstep.default.NormalLengthValidationUsername();\n_Loginstep.default.NormalWordValidationUsername();\n_Loginstep.default.NormalLengthValidationPassword();\n_Loginstep.default.NormalWordValidationPassword();",
              "err": {},
              "uuid": "0cdabea6-7be6-498b-95f6-3a7a6e6b7357",
              "parentUUID": "638ea5d3-6cf1-4a29-974f-ad73863e740f",
              "isHook": false,
              "skipped": false
            },
            {
              "title": "UnNormalUsername",
              "fullTitle": "Login UnNormalUsername",
              "timedOut": null,
              "duration": 2807,
              "state": "passed",
              "speed": "fast",
              "pass": true,
              "fail": false,
              "pending": false,
              "context": null,
              "code": "_Loginstep.default.LoginPage();\n_Loginstep.default.UnNormalInputUsernameLogin();\n_Loginstep.default.UnNormalLengthValidationUsername();\n_Loginstep.default.UnNormalWordValidationUsername();\n_Loginstep.default.NormalInputPasswordLogin();\n_Loginstep.default.NormalLengthValidationPassword();\n_Loginstep.default.NormalWordValidationPassword();",
              "err": {},
              "uuid": "16fc439d-2ab4-4554-aec5-8ed74c95541a",
              "parentUUID": "638ea5d3-6cf1-4a29-974f-ad73863e740f",
              "isHook": false,
              "skipped": false
            },
            {
              "title": "UnNormalPassword",
              "fullTitle": "Login UnNormalPassword",
              "timedOut": null,
              "duration": 1964,
              "state": "passed",
              "speed": "fast",
              "pass": true,
              "fail": false,
              "pending": false,
              "context": null,
              "code": "_Loginstep.default.LoginPage();\n_Loginstep.default.NormalInputUsernameLogin();\n_Loginstep.default.NormalLengthValidationUsername();\n_Loginstep.default.NormalWordValidationUsername();\n_Loginstep.default.UnNormalInputPasswordLogin();\n_Loginstep.default.UnNormalLengthValidationPassword();\n_Loginstep.default.UnNormalWordValidationPassword();",
              "err": {},
              "uuid": "b9a48d81-720e-46e4-9573-27d1a1efebf2",
              "parentUUID": "638ea5d3-6cf1-4a29-974f-ad73863e740f",
              "isHook": false,
              "skipped": false
            }
          ],
          "suites": [],
          "passes": [
            "0cdabea6-7be6-498b-95f6-3a7a6e6b7357",
            "16fc439d-2ab4-4554-aec5-8ed74c95541a",
            "b9a48d81-720e-46e4-9573-27d1a1efebf2"
          ],
          "failures": [],
          "pending": [],
          "skipped": [],
          "duration": 9202,
          "root": false,
          "rootEmpty": false,
          "_timeout": 2000
        },
        {
          "uuid": "7e5a8bef-3831-4d70-855d-dddec8cd86c0",
          "title": "Register",
          "fullFile": "",
          "file": "",
          "beforeHooks": [],
          "afterHooks": [],
          "tests": [
            {
              "title": "NormalRegister",
              "fullTitle": "Register NormalRegister",
              "timedOut": null,
              "duration": 2798,
              "state": "passed",
              "speed": "fast",
              "pass": true,
              "fail": false,
              "pending": false,
              "context": null,
              "code": "_Registerstep.default.NormalInputFirstName();\n_Registerstep.default.ValidationFirstNamePositive;\n_Registerstep.default.NormalInputLastName();\n_Registerstep.default.WordValidationLastnamePositive();\n_Registerstep.default.NormalInputEmail();\n_Registerstep.default.NormalInputPassword();\n_Registerstep.default.NormalValidationPassword();\n_Registerstep.default.NormalInputConfirmPassword();\n_Registerstep.default.NormalValidationConfirmPassword();\n_Registerstep.default.SelectGender();\n_Registerstep.default.SelectDate();\n_Registerstep.default.SelectMonth();\n_Registerstep.default.SelectYear();",
              "err": {},
              "uuid": "b1e9828d-2385-40b1-bdb9-f66e2d108f69",
              "parentUUID": "7e5a8bef-3831-4d70-855d-dddec8cd86c0",
              "isHook": false,
              "skipped": false
            },
            {
              "title": "FirstNameNegative",
              "fullTitle": "Register FirstNameNegative",
              "timedOut": null,
              "duration": 2962,
              "state": "passed",
              "speed": "fast",
              "pass": true,
              "fail": false,
              "pending": false,
              "context": null,
              "code": "_Registerstep.default.UnNormalInputFirstName();\n_Registerstep.default.ValidationFirstNameNegative();\n_Registerstep.default.NormalInputLastName();\n_Registerstep.default.WordValidationLastnamePositive();\n_Registerstep.default.NormalInputEmail();\n_Registerstep.default.NormalInputPassword();\n_Registerstep.default.NormalInputConfirmPassword();\n_Registerstep.default.SelectGender();\n_Registerstep.default.SelectDate();\n_Registerstep.default.SelectMonth();\n_Registerstep.default.SelectYear();",
              "err": {},
              "uuid": "162f5e09-1e2b-49ef-8068-c8bf58604e5b",
              "parentUUID": "7e5a8bef-3831-4d70-855d-dddec8cd86c0",
              "isHook": false,
              "skipped": false
            },
            {
              "title": "LastNameNegative",
              "fullTitle": "Register LastNameNegative",
              "timedOut": null,
              "duration": 3003,
              "state": "passed",
              "speed": "fast",
              "pass": true,
              "fail": false,
              "pending": false,
              "context": null,
              "code": "_Registerstep.default.NormalInputFirstName();\n_Registerstep.default.ValidationFirstNamePositive;\n_Registerstep.default.UnNormalInputLastName();\n_Registerstep.default.WordValidationLastnameNegative();\n_Registerstep.default.NormalInputEmail();\n_Registerstep.default.NormalInputPassword();\n_Registerstep.default.NormalValidationPassword();\n_Registerstep.default.NormalInputConfirmPassword();\n_Registerstep.default.NormalValidationConfirmPassword();\n_Registerstep.default.SelectGender();\n_Registerstep.default.SelectDate();\n_Registerstep.default.SelectMonth();\n_Registerstep.default.SelectYear();",
              "err": {},
              "uuid": "37e93134-7ce4-4893-9f19-1fcc2766a804",
              "parentUUID": "7e5a8bef-3831-4d70-855d-dddec8cd86c0",
              "isHook": false,
              "skipped": false
            },
            {
              "title": "PasswordNegativeAndNotSame",
              "fullTitle": "Register PasswordNegativeAndNotSame",
              "timedOut": null,
              "duration": 2930,
              "state": "passed",
              "speed": "fast",
              "pass": true,
              "fail": false,
              "pending": false,
              "context": null,
              "code": "_Registerstep.default.NormalInputFirstName();\n_Registerstep.default.ValidationFirstNamePositive;\n_Registerstep.default.NormalInputLastName();\n_Registerstep.default.WordValidationLastnamePositive();\n_Registerstep.default.NormalInputEmail();\n_Registerstep.default.UnNormalInputPassword();\n_Registerstep.default.UnNormalValidationPassword();\n_Registerstep.default.NormalInputConfirmPassword();\n_Registerstep.default.NormalValidationConfirmPassword();\n_Registerstep.default.SelectGender();\n_Registerstep.default.SelectDate();\n_Registerstep.default.SelectMonth();\n_Registerstep.default.SelectYear();",
              "err": {},
              "uuid": "486f14a9-e39a-4e24-8a8e-53704c079be1",
              "parentUUID": "7e5a8bef-3831-4d70-855d-dddec8cd86c0",
              "isHook": false,
              "skipped": false
            },
            {
              "title": "ConfirmPasswordNegative",
              "fullTitle": "Register ConfirmPasswordNegative",
              "timedOut": null,
              "duration": 1961,
              "state": "passed",
              "speed": "fast",
              "pass": true,
              "fail": false,
              "pending": false,
              "context": null,
              "code": "_Registerstep.default.NormalInputFirstName();\n_Registerstep.default.ValidationFirstNamePositive;\n_Registerstep.default.NormalInputLastName();\n_Registerstep.default.WordValidationLastnamePositive();\n_Registerstep.default.NormalInputEmail();\n_Registerstep.default.UnNormalInputPassword();\n_Registerstep.default.UnNormalValidationPassword();\n_Registerstep.default.UnNormalInputConfirmPassword();\n_Registerstep.default.UnNormalValidationConfirmPassword();\n// Registersteps.SelectGender()\n// Registersteps.SelectDate()\n// Registersteps.SelectMonth()\n// Registersteps.SelectYear()",
              "err": {},
              "uuid": "92638ba0-544a-4e1d-a5d1-623a29d9be41",
              "parentUUID": "7e5a8bef-3831-4d70-855d-dddec8cd86c0",
              "isHook": false,
              "skipped": false
            }
          ],
          "suites": [],
          "passes": [
            "b1e9828d-2385-40b1-bdb9-f66e2d108f69",
            "162f5e09-1e2b-49ef-8068-c8bf58604e5b",
            "37e93134-7ce4-4893-9f19-1fcc2766a804",
            "486f14a9-e39a-4e24-8a8e-53704c079be1",
            "92638ba0-544a-4e1d-a5d1-623a29d9be41"
          ],
          "failures": [],
          "pending": [],
          "skipped": [],
          "duration": 13654,
          "root": false,
          "rootEmpty": false,
          "_timeout": 2000
        }
      ],
      "passes": [],
      "failures": [],
      "pending": [],
      "skipped": [],
      "duration": 0,
      "root": true,
      "rootEmpty": true,
      "_timeout": 2000
    }
  ],
  "meta": {
    "mocha": {
      "version": "7.0.1"
    },
    "mochawesome": {
      "options": {
        "quiet": false,
        "reportFilename": "mochawesome",
        "saveHtml": false,
        "saveJson": true,
        "consoleReporter": "spec",
        "useInlineDiffs": false,
        "code": true
      },
      "version": "7.1.3"
    },
    "marge": {
      "options": {
        "id": "default",
        "reportDir": "cypress/reports",
        "overwrite": false,
        "html": false,
        "json": true
      },
      "version": "6.2.0"
    }
  }
}